This is pdfTeX, Version 3.14159265-2.6-1.40.15 (TeX Live 2015/dev/Debian) (preloaded format=pdflatex 2015.8.2)  7 SEP 2015 22:47
entering extended mode
 restricted \write18 enabled.
 %&-line parsing enabled.
**matching_Xdependence.tex
(./matching_Xdependence.tex
LaTeX2e <2014/05/01>
Babel <3.9l> and hyphenation patterns for 27 languages loaded.
(/usr/share/texlive/texmf-dist/tex/latex/base/article.cls
Document Class: article 2014/09/29 v1.4h Standard LaTeX document class
(/usr/share/texlive/texmf-dist/tex/latex/base/size12.clo
File: size12.clo 2014/09/29 v1.4h Standard LaTeX file (size option)
)
\c@part=\count79
\c@section=\count80
\c@subsection=\count81
\c@subsubsection=\count82
\c@paragraph=\count83
\c@subparagraph=\count84
\c@figure=\count85
\c@table=\count86
\abovecaptionskip=\skip41
\belowcaptionskip=\skip42
\bibindent=\dimen102
)
(/usr/share/texlive/texmf-dist/tex/latex/graphics/graphicx.sty
Package: graphicx 2014/04/25 v1.0g Enhanced LaTeX Graphics (DPC,SPQR)

(/usr/share/texlive/texmf-dist/tex/latex/graphics/keyval.sty
Package: keyval 2014/05/08 v1.15 key=value parser (DPC)
\KV@toks@=\toks14
)
(/usr/share/texlive/texmf-dist/tex/latex/graphics/graphics.sty
Package: graphics 2009/02/05 v1.0o Standard LaTeX Graphics (DPC,SPQR)

(/usr/share/texlive/texmf-dist/tex/latex/graphics/trig.sty
Package: trig 1999/03/16 v1.09 sin cos tan (DPC)
)
(/usr/share/texlive/texmf-dist/tex/latex/latexconfig/graphics.cfg
File: graphics.cfg 2010/04/23 v1.9 graphics configuration of TeX Live
)
Package graphics Info: Driver file: dvipdf.def on input line 91.

(/usr/share/texlive/texmf-dist/tex/latex/graphics/dvipdf.def
File: dvipdf.def 2014/04/23 v3.0j Driver-dependant file (DPC,SPQR)
))
\Gin@req@height=\dimen103
\Gin@req@width=\dimen104
)
(/usr/share/texlive/texmf-dist/tex/latex/graphics/color.sty
Package: color 2014/04/23 v1.1a Standard LaTeX Color (DPC)

(/usr/share/texlive/texmf-dist/tex/latex/latexconfig/color.cfg
File: color.cfg 2007/01/18 v1.5 color configuration of teTeX/TeXLive
)
Package color Info: Driver file: pdftex.def on input line 137.

(/usr/share/texlive/texmf-dist/tex/latex/pdftex-def/pdftex.def
File: pdftex.def 2011/05/27 v0.06d Graphics/color for pdfTeX

(/usr/share/texlive/texmf-dist/tex/generic/oberdiek/infwarerr.sty
Package: infwarerr 2010/04/08 v1.3 Providing info/warning/error messages (HO)
)
(/usr/share/texlive/texmf-dist/tex/generic/oberdiek/ltxcmds.sty
Package: ltxcmds 2011/11/09 v1.22 LaTeX kernel commands for general use (HO)
)
\Gread@gobject=\count87
))
(/usr/share/texlive/texmf-dist/tex/latex/xcolor/xcolor.sty
Package: xcolor 2007/01/21 v2.11 LaTeX color extensions (UK)

(/usr/share/texlive/texmf-dist/tex/latex/latexconfig/color.cfg
File: color.cfg 2007/01/18 v1.5 color configuration of teTeX/TeXLive
)
Package xcolor Info: Package option `usenames' ignored on input line 216.
Package xcolor Info: Driver file: pdftex.def on input line 225.
LaTeX Info: Redefining \color on input line 702.
Package xcolor Info: Model `cmy' substituted by `cmy0' on input line 1337.
Package xcolor Info: Model `RGB' extended on input line 1353.
Package xcolor Info: Model `HTML' substituted by `rgb' on input line 1355.
Package xcolor Info: Model `Hsb' substituted by `hsb' on input line 1356.
Package xcolor Info: Model `tHsb' substituted by `hsb' on input line 1357.
Package xcolor Info: Model `HSB' substituted by `hsb' on input line 1358.
Package xcolor Info: Model `Gray' substituted by `gray' on input line 1359.
Package xcolor Info: Model `wave' substituted by `hsb' on input line 1360.

(/usr/share/texlive/texmf-dist/tex/latex/graphics/dvipsnam.def
File: dvipsnam.def 2014/04/23 v3.0j Driver-dependant file (DPC,SPQR)
))
(/usr/share/texlive/texmf-dist/tex/latex/graphics/epsfig.sty
Package: epsfig 1999/02/16 v1.7a (e)psfig emulation (SPQR)
\epsfxsize=\dimen105
\epsfysize=\dimen106
)
(/usr/share/texlive/texmf-dist/tex/latex/wrapfig/wrapfig.sty
\wrapoverhang=\dimen107
\WF@size=\dimen108
\c@WF@wrappedlines=\count88
\WF@box=\box26
\WF@everypar=\toks15
Package: wrapfig 2003/01/31  v 3.6
)
(/usr/share/texlive/texmf-dist/tex/latex/rotating/rotating.sty
Package: rotating 2009/03/28 v2.16a rotated objects in LaTeX

(/usr/share/texlive/texmf-dist/tex/latex/base/ifthen.sty
Package: ifthen 2014/09/29 v1.1c Standard LaTeX ifthen package (DPC)
)
\c@r@tfl@t=\count89
\rotFPtop=\skip43
\rotFPbot=\skip44
\rot@float@box=\box27
\rot@mess@toks=\toks16
)
(/usr/share/texlive/texmf-dist/tex/latex/caption/caption.sty
Package: caption 2013/05/02 v3.3-89 Customizing captions (AR)

(/usr/share/texlive/texmf-dist/tex/latex/caption/caption3.sty
Package: caption3 2013/05/02 v1.6-88 caption3 kernel (AR)
Package caption3 Info: TeX engine: e-TeX on input line 57.
\captionmargin=\dimen109
\captionmargin@=\dimen110
\captionwidth=\dimen111
\caption@tempdima=\dimen112
\caption@indent=\dimen113
\caption@parindent=\dimen114
\caption@hangindent=\dimen115
)
\c@ContinuedFloat=\count90
Package caption Info: rotating package is loaded.
Package caption Info: wrapfig package is loaded.
)
(/usr/share/texlive/texmf-dist/tex/latex/subfig/subfig.sty
Package: subfig 2005/06/28 ver: 1.3 subfig package
\c@KVtest=\count91
\sf@farskip=\skip45
\sf@captopadj=\dimen116
\sf@capskip=\skip46
\sf@nearskip=\skip47
\c@subfigure=\count92
\c@subfigure@save=\count93
\c@lofdepth=\count94
\c@subtable=\count95
\c@subtable@save=\count96
\c@lotdepth=\count97
\sf@top=\skip48
\sf@bottom=\skip49
)
(/usr/share/texlive/texmf-dist/tex/latex/preprint/authblk.sty
Package: authblk 2001/02/27 1.3 (PWD)
\affilsep=\skip50
\@affilsep=\skip51
\c@Maxaffil=\count98
\c@authors=\count99
\c@affil=\count100
)
(./matching_Xdependence.aux)
\openout1 = `matching_Xdependence.aux'.

LaTeX Font Info:    Checking defaults for OML/cmm/m/it on input line 31.
LaTeX Font Info:    ... okay on input line 31.
LaTeX Font Info:    Checking defaults for T1/cmr/m/n on input line 31.
LaTeX Font Info:    ... okay on input line 31.
LaTeX Font Info:    Checking defaults for OT1/cmr/m/n on input line 31.
LaTeX Font Info:    ... okay on input line 31.
LaTeX Font Info:    Checking defaults for OMS/cmsy/m/n on input line 31.
LaTeX Font Info:    ... okay on input line 31.
LaTeX Font Info:    Checking defaults for OMX/cmex/m/n on input line 31.
LaTeX Font Info:    ... okay on input line 31.
LaTeX Font Info:    Checking defaults for U/cmr/m/n on input line 31.
LaTeX Font Info:    ... okay on input line 31.

(/usr/share/texlive/texmf-dist/tex/generic/oberdiek/pdftexcmds.sty
Package: pdftexcmds 2011/11/29 v0.20 Utility functions of pdfTeX for LuaTeX (HO
)

(/usr/share/texlive/texmf-dist/tex/generic/oberdiek/ifluatex.sty
Package: ifluatex 2010/03/01 v1.3 Provides the ifluatex switch (HO)
Package ifluatex Info: LuaTeX not detected.
)
(/usr/share/texlive/texmf-dist/tex/generic/oberdiek/ifpdf.sty
Package: ifpdf 2011/01/30 v2.3 Provides the ifpdf switch (HO)
Package ifpdf Info: pdfTeX in PDF mode is detected.
)
Package pdftexcmds Info: LuaTeX not detected.
Package pdftexcmds Info: \pdf@primitive is available.
Package pdftexcmds Info: \pdf@ifprimitive is available.
Package pdftexcmds Info: \pdfdraftmode found.
)
(/usr/share/texlive/texmf-dist/tex/latex/oberdiek/epstopdf-base.sty
Package: epstopdf-base 2010/02/09 v2.5 Base part for package epstopdf

(/usr/share/texlive/texmf-dist/tex/latex/oberdiek/grfext.sty
Package: grfext 2010/08/19 v1.1 Manage graphics extensions (HO)

(/usr/share/texlive/texmf-dist/tex/generic/oberdiek/kvdefinekeys.sty
Package: kvdefinekeys 2011/04/07 v1.3 Define keys (HO)
))
(/usr/share/texlive/texmf-dist/tex/latex/oberdiek/kvoptions.sty
Package: kvoptions 2011/06/30 v3.11 Key value format for package options (HO)

(/usr/share/texlive/texmf-dist/tex/generic/oberdiek/kvsetkeys.sty
Package: kvsetkeys 2012/04/25 v1.16 Key value parser (HO)

(/usr/share/texlive/texmf-dist/tex/generic/oberdiek/etexcmds.sty
Package: etexcmds 2011/02/16 v1.5 Avoid name clashes with e-TeX commands (HO)
Package etexcmds Info: Could not find \expanded.
(etexcmds)             That can mean that you are not using pdfTeX 1.50 or
(etexcmds)             that some package has redefined \expanded.
(etexcmds)             In the latter case, load this package earlier.
)))
Package epstopdf-base Info: Redefining graphics rule for `.eps' on input line 4
34.
Package grfext Info: Graphics extension search list:
(grfext)             [.png,.pdf,.jpg,.mps,.jpeg,.jbig2,.jb2,.PNG,.PDF,.JPG,.JPE
G,.JBIG2,.JB2,.eps]
(grfext)             \AppendGraphicsExtensions on input line 452.

(/usr/share/texlive/texmf-dist/tex/latex/latexconfig/epstopdf-sys.cfg
File: epstopdf-sys.cfg 2010/07/13 v1.3 Configuration of (r)epstopdf for TeX Liv
e
))
(/usr/share/texlive/texmf-dist/tex/context/base/supp-pdf.mkii
[Loading MPS to PDF converter (version 2006.09.02).]
\scratchcounter=\count101
\scratchdimen=\dimen117
\scratchbox=\box28
\nofMPsegments=\count102
\nofMParguments=\count103
\everyMPshowfont=\toks17
\MPscratchCnt=\count104
\MPscratchDim=\dimen118
\MPnumerator=\count105
\makeMPintoPDFobject=\count106
\everyMPtoPDFconversion=\toks18
)
Package caption Info: Begin \AtBeginDocument code.
Package caption Info: subfig package v1.3 is loaded.
Package caption Info: End \AtBeginDocument code.
 <../delt_coord_horiz_Xcl_top_neg2_5772.pdf, id=1, 569.12625pt x 548.0475pt>
File: ../delt_coord_horiz_Xcl_top_neg2_5772.pdf Graphic file (type pdf)

<use ../delt_coord_horiz_Xcl_top_neg2_5772.pdf>
Package pdftex.def Info: ../delt_coord_horiz_Xcl_top_neg2_5772.pdf used on inpu
t line 38.
(pdftex.def)             Requested size: 243.26941pt x 234.2593pt.

<../delt_coord_horiz_Xcl_top_pos2_5772.pdf, id=2, 569.12625pt x 548.0475pt>
File: ../delt_coord_horiz_Xcl_top_pos2_5772.pdf Graphic file (type pdf)

<use ../delt_coord_horiz_Xcl_top_pos2_5772.pdf>
Package pdftex.def Info: ../delt_coord_horiz_Xcl_top_pos2_5772.pdf used on inpu
t line 39.
(pdftex.def)             Requested size: 243.26941pt x 234.2593pt.

<../delt_coord_horiz_Xcl_bot_neg2_5772.pdf, id=3, 569.12625pt x 548.0475pt>
File: ../delt_coord_horiz_Xcl_bot_neg2_5772.pdf Graphic file (type pdf)

<use ../delt_coord_horiz_Xcl_bot_neg2_5772.pdf>
Package pdftex.def Info: ../delt_coord_horiz_Xcl_bot_neg2_5772.pdf used on inpu
t line 40.
(pdftex.def)             Requested size: 243.26941pt x 234.2593pt.

<../delt_coord_horiz_Xcl_bot_pos2_5772.pdf, id=4, 569.12625pt x 548.0475pt>
File: ../delt_coord_horiz_Xcl_bot_pos2_5772.pdf Graphic file (type pdf)

<use ../delt_coord_horiz_Xcl_bot_pos2_5772.pdf>
Package pdftex.def Info: ../delt_coord_horiz_Xcl_bot_pos2_5772.pdf used on inpu
t line 41.
(pdftex.def)             Requested size: 243.26941pt x 234.2593pt.
LaTeX Font Info:    External font `cmex10' loaded for size
(Font)              <12> on input line 45.
LaTeX Font Info:    External font `cmex10' loaded for size
(Font)              <8> on input line 45.
LaTeX Font Info:    External font `cmex10' loaded for size
(Font)              <6> on input line 45.

<../delt_coord_horiz_Xcl_top_neg_ECorr2_5772.pdf, id=5, 569.12625pt x 548.0475p
t>
File: ../delt_coord_horiz_Xcl_top_neg_ECorr2_5772.pdf Graphic file (type pdf)
 <use ../delt_coord_horiz_Xcl_top_neg_ECorr2_5772.pdf>
Package pdftex.def Info: ../delt_coord_horiz_Xcl_top_neg_ECorr2_5772.pdf used o
n input line 56.
(pdftex.def)             Requested size: 243.26941pt x 234.2593pt.

<../delt_coord_horiz_Xcl_top_pos_ECorr2_5772.pdf, id=6, 569.12625pt x 548.0475p
t>
File: ../delt_coord_horiz_Xcl_top_pos_ECorr2_5772.pdf Graphic file (type pdf)
 <use ../delt_coord_horiz_Xcl_top_pos_ECorr2_5772.pdf>
Package pdftex.def Info: ../delt_coord_horiz_Xcl_top_pos_ECorr2_5772.pdf used o
n input line 57.
(pdftex.def)             Requested size: 243.26941pt x 234.2593pt.

<../delt_coord_horiz_Xcl_bot_neg_ECorr2_5772.pdf, id=7, 569.12625pt x 548.0475p
t>
File: ../delt_coord_horiz_Xcl_bot_neg_ECorr2_5772.pdf Graphic file (type pdf)
 <use ../delt_coord_horiz_Xcl_bot_neg_ECorr2_5772.pdf>
Package pdftex.def Info: ../delt_coord_horiz_Xcl_bot_neg_ECorr2_5772.pdf used o
n input line 58.
(pdftex.def)             Requested size: 243.26941pt x 234.2593pt.

<../delt_coord_horiz_Xcl_bot_pos_ECorr2_5772.pdf, id=8, 569.12625pt x 548.0475p
t>
File: ../delt_coord_horiz_Xcl_bot_pos_ECorr2_5772.pdf Graphic file (type pdf)
 <use ../delt_coord_horiz_Xcl_bot_pos_ECorr2_5772.pdf>
Package pdftex.def Info: ../delt_coord_horiz_Xcl_bot_pos_ECorr2_5772.pdf used o
n input line 59.
(pdftex.def)             Requested size: 243.26941pt x 234.2593pt.

<../mtgr_mean_delt_cord_trk_horiz_Xcl_top_neg2_5772.pdf, id=9, 569.12625pt x 54
8.0475pt>
File: ../mtgr_mean_delt_cord_trk_horiz_Xcl_top_neg2_5772.pdf Graphic file (type
 pdf)
 <use ../mtgr_mean_delt_cord_trk_horiz_Xcl_top_neg2_5772.pdf>
Package pdftex.def Info: ../mtgr_mean_delt_cord_trk_horiz_Xcl_top_neg2_5772.pdf
 used on input line 75.
(pdftex.def)             Requested size: 243.26941pt x 234.2593pt.

<../mtgr_mean_delt_cord_trk_horiz_Xcl_top_pos2_5772.pdf, id=10, 569.12625pt x 5
48.0475pt>
File: ../mtgr_mean_delt_cord_trk_horiz_Xcl_top_pos2_5772.pdf Graphic file (type
 pdf)
 <use ../mtgr_mean_delt_cord_trk_horiz_Xcl_top_pos2_5772.pdf>
Package pdftex.def Info: ../mtgr_mean_delt_cord_trk_horiz_Xcl_top_pos2_5772.pdf
 used on input line 76.
(pdftex.def)             Requested size: 243.26941pt x 234.2593pt.

<../mtgr_mean_delt_cord_trk_horiz_Xcl_bot_neg2_5772.pdf, id=11, 569.12625pt x 5
48.0475pt>
File: ../mtgr_mean_delt_cord_trk_horiz_Xcl_bot_neg2_5772.pdf Graphic file (type
 pdf)
 <use ../mtgr_mean_delt_cord_trk_horiz_Xcl_bot_neg2_5772.pdf>
Package pdftex.def Info: ../mtgr_mean_delt_cord_trk_horiz_Xcl_bot_neg2_5772.pdf
 used on input line 77.
(pdftex.def)             Requested size: 243.26941pt x 234.2593pt.

<../mtgr_mean_delt_cord_trk_horiz_Xcl_bot_pos2_5772.pdf, id=12, 569.12625pt x 5
48.0475pt>
File: ../mtgr_mean_delt_cord_trk_horiz_Xcl_bot_pos2_5772.pdf Graphic file (type
 pdf)
 <use ../mtgr_mean_delt_cord_trk_horiz_Xcl_bot_pos2_5772.pdf>
Package pdftex.def Info: ../mtgr_mean_delt_cord_trk_horiz_Xcl_bot_pos2_5772.pdf
 used on input line 78.
(pdftex.def)             Requested size: 243.26941pt x 234.2593pt.

<../mtgr_sigm_delt_cord_trk_horiz_Xcl_top_neg2_5772.pdf, id=13, 569.12625pt x 5
48.0475pt>
File: ../mtgr_sigm_delt_cord_trk_horiz_Xcl_top_neg2_5772.pdf Graphic file (type
 pdf)
 <use ../mtgr_sigm_delt_cord_trk_horiz_Xcl_top_neg2_5772.pdf>
Package pdftex.def Info: ../mtgr_sigm_delt_cord_trk_horiz_Xcl_top_neg2_5772.pdf
 used on input line 90.
(pdftex.def)             Requested size: 243.26941pt x 234.2593pt.

<../mtgr_sigm_delt_cord_trk_horiz_Xcl_top_pos2_5772.pdf, id=14, 569.12625pt x 5
48.0475pt>
File: ../mtgr_sigm_delt_cord_trk_horiz_Xcl_top_pos2_5772.pdf Graphic file (type
 pdf)
 <use ../mtgr_sigm_delt_cord_trk_horiz_Xcl_top_pos2_5772.pdf>
Package pdftex.def Info: ../mtgr_sigm_delt_cord_trk_horiz_Xcl_top_pos2_5772.pdf
 used on input line 91.
(pdftex.def)             Requested size: 243.26941pt x 234.2593pt.

<../mtgr_sigm_delt_cord_trk_horiz_Xcl_bot_neg2_5772.pdf, id=15, 569.12625pt x 5
48.0475pt>
File: ../mtgr_sigm_delt_cord_trk_horiz_Xcl_bot_neg2_5772.pdf Graphic file (type
 pdf)
 <use ../mtgr_sigm_delt_cord_trk_horiz_Xcl_bot_neg2_5772.pdf>
Package pdftex.def Info: ../mtgr_sigm_delt_cord_trk_horiz_Xcl_bot_neg2_5772.pdf
 used on input line 92.
(pdftex.def)             Requested size: 243.26941pt x 234.2593pt.

<../mtgr_sigm_delt_cord_trk_horiz_Xcl_bot_pos2_5772.pdf, id=16, 569.12625pt x 5
48.0475pt>
File: ../mtgr_sigm_delt_cord_trk_horiz_Xcl_bot_pos2_5772.pdf Graphic file (type
 pdf)
 <use ../mtgr_sigm_delt_cord_trk_horiz_Xcl_bot_pos2_5772.pdf>
Package pdftex.def Info: ../mtgr_sigm_delt_cord_trk_horiz_Xcl_bot_pos2_5772.pdf
 used on input line 93.
(pdftex.def)             Requested size: 243.26941pt x 234.2593pt.

[1

{/var/lib/texmf/fonts/map/pdftex/updmap/pdftex.map} <../delt_coord_horiz_Xcl_to
p_neg2_5772.pdf, page is rotated 90 degrees> <../delt_coord_horiz_Xcl_top_pos2_
5772.pdf, page is rotated 90 degrees> <../delt_coord_horiz_Xcl_bot_neg2_5772.pd
f, page is rotated 90 degrees> <../delt_coord_horiz_Xcl_bot_pos2_5772.pdf, page
 is rotated 90 degrees>] [2 <../delt_coord_horiz_Xcl_top_neg_ECorr2_5772.pdf, p
age is rotated 90 degrees> <../delt_coord_horiz_Xcl_top_pos_ECorr2_5772.pdf, pa
ge is rotated 90 degrees> <../delt_coord_horiz_Xcl_bot_neg_ECorr2_5772.pdf, pag
e is rotated 90 degrees> <../delt_coord_horiz_Xcl_bot_pos_ECorr2_5772.pdf, page
 is rotated 90 degrees>] [3 <../mtgr_mean_delt_cord_trk_horiz_Xcl_top_neg2_5772
.pdf, page is rotated 90 degrees> <../mtgr_mean_delt_cord_trk_horiz_Xcl_top_pos
2_5772.pdf, page is rotated 90 degrees> <../mtgr_mean_delt_cord_trk_horiz_Xcl_b
ot_neg2_5772.pdf, page is rotated 90 degrees> <../mtgr_mean_delt_cord_trk_horiz
_Xcl_bot_pos2_5772.pdf, page is rotated 90 degrees>] [4 <../mtgr_sigm_delt_cord
_trk_horiz_Xcl_top_neg2_5772.pdf, page is rotated 90 degrees> <../mtgr_sigm_del
t_cord_trk_horiz_Xcl_top_pos2_5772.pdf, page is rotated 90 degrees> <../mtgr_si
gm_delt_cord_trk_horiz_Xcl_bot_neg2_5772.pdf, page is rotated 90 degrees> <../m
tgr_sigm_delt_cord_trk_horiz_Xcl_bot_pos2_5772.pdf, page is rotated 90 degrees>
] (./matching_Xdependence.aux) ) 
Here is how much of TeX's memory you used:
 3630 strings out of 494450
 58037 string characters out of 6165793
 120612 words of memory out of 5000000
 6832 multiletter control sequences out of 15000+600000
 6376 words of font info for 23 fonts, out of 8000000 for 9000
 350 hyphenation exceptions out of 8191
 38i,8n,38p,422b,336s stack positions out of 5000i,500n,10000p,200000b,80000s
</usr/share/texlive/texmf-dist/fonts/type1/publ
ic/amsfonts/cm/cmmi12.pfb></usr/share/texlive/texmf-dist/fonts/type1/public/ams
fonts/cm/cmmi8.pfb></usr/share/texlive/texmf-dist/fonts/type1/public/amsfonts/c
m/cmr12.pfb></usr/share/texlive/texmf-dist/fonts/type1/public/amsfonts/cm/cmsy1
0.pfb>
Output written on matching_Xdependence.pdf (4 pages, 595936 bytes).
PDF statistics:
 740 PDF objects out of 1000 (max. 8388607)
 310 compressed objects within 4 object streams
 0 named destinations out of 1000 (max. 500000)
 81 words of extra memory for PDF output out of 10000 (max. 10000000)

